
Showing logs for build [32mexplore-jenkinsx-environment-jx-jjdkm-1[0m stage [32mfrom-build-pack[0m and container [32mstep-credential-initializer-5wb5k[0m
{"level":"warn","ts":1573436131.9991295,"logger":"fallback-logger","caller":"logging/config.go:69","msg":"Fetch GitHub commit ID from kodata failed: \"ref: refs/heads/master\" is not a valid GitHub commit ID"}
{"level":"info","ts":1573436132.0014458,"logger":"fallback-logger","caller":"creds-init/main.go:40","msg":"Credentials initialized."}

Showing logs for build [32mexplore-jenkinsx-environment-jx-jjdkm-1[0m stage [32mfrom-build-pack[0m and container [32mstep-working-dir-initializer-55c6p[0m
{"level":"warn","ts":1573436133.3706686,"logger":"fallback-logger","caller":"logging/config.go:69","msg":"Fetch GitHub commit ID from kodata failed: open /var/run/ko/HEAD: no such file or directory"}
{"level":"info","ts":1573436133.372832,"logger":"fallback-logger","caller":"bash/main.go:65","msg":"Successfully executed command \"mkdir -p /workspace/source\""}

Showing logs for build [32mexplore-jenkinsx-environment-jx-jjdkm-1[0m stage [32mfrom-build-pack[0m and container [32mstep-place-tools[0m

Showing logs for build [32mexplore-jenkinsx-environment-jx-jjdkm-1[0m stage [32mfrom-build-pack[0m and container [32mstep-git-source-explore-jenkinsx-environment-jx-dj8zj[0m
{"level":"warn","ts":1573436139.5017703,"logger":"fallback-logger","caller":"logging/config.go:69","msg":"Fetch GitHub commit ID from kodata failed: \"ref: refs/heads/master\" is not a valid GitHub commit ID"}
{"level":"info","ts":1573436139.8103495,"logger":"fallback-logger","caller":"git/git.go:102","msg":"Successfully cloned https://github.com/explore-jenkinsx/environment-jx-***-staging.git @ v0.0.1 in path /workspace/source"}

Showing logs for build [32mexplore-jenkinsx-environment-jx-jjdkm-1[0m stage [32mfrom-build-pack[0m and container [32mstep-git-merge[0m
Using SHAs from PULL_REFS=master:9ea6e883a6948d71ffb20b7f5327623f280b2691
WARNING: no SHAs to merge, falling back to initial cloned commit

Showing logs for build [32mexplore-jenkinsx-environment-jx-jjdkm-1[0m stage [32mfrom-build-pack[0m and container [32mstep-setup-jx-git-credentials[0m
Generated Git credentials file /builder/home/git/credentials

Showing logs for build [32mexplore-jenkinsx-environment-jx-jjdkm-1[0m stage [32mfrom-build-pack[0m and container [32mstep-build-helm-apply[0m
Modified file /workspace/source/env/Chart.yaml to set the chart to version 1
Namespace ***-staging created 
Cloning the Jenkins X versions repo https://github.com/jenkins-x/jenkins-x-versions.git with ref refs/heads/master to /builder/home/.jx/jenkins-x-versions
Ignoring templates/.gitignore
Ignoring templates/wildcardcert-secret.yaml
WARNING: No $CHART_REPOSITORY defined so using the default value of: http://jenkins-x-chartmuseum:8080
Adding missing Helm repo: storage.googleapis.com https://storage.googleapis.com/chartmuseum.jenkins-x.io
Successfully added Helm repository storage.googleapis.com.
Adding missing Helm repo: jenkins-x-chartmuseum http://jenkins-x-chartmuseum:8080
Successfully added Helm repository jenkins-x-chartmuseum.
WARNING: No $CHART_REPOSITORY defined so using the default value of: http://jenkins-x-chartmuseum:8080
Adding missing Helm repo: chartmuseum.jenkins-x.io http://chartmuseum.jenkins-x.io
Successfully added Helm repository chartmuseum.jenkins-x.io.


